0 (0 - 0 comments): OK → 2008/01/xcafevn.html
0 (25 - 25 comments): OK → 2008/05/tu-bach.html
0 (4 - 4 comments): OK → 2008/05/mat-tan.html
0 (0 - 0 comments): OK → 2008/05/giangho-co-1.html
0 (3 - 3 comments): OK → 2008/05/thoi-bua.html
0 (3 - 3 comments): OK → 2008/05/dam-luan.html
0 (0 - 0 comments): OK → 2008/05/hoang-de-bac-han-tan-phong-thai-tu.html
0 (2 - 2 comments): OK → 2008/05/cuu-vuong-saddam-hussein-hau-toa.html
0 (5 - 5 comments): OK → 2008/05/mo-rong-ha-noi.html
0 (1 - 1 comments): OK → 2008/05/sung-ba-bi.html
0 (5 - 5 comments): OK → 2008/06/scic-tap-doan-kinh-doanh-von-nha-nuoc.html
0 (1 - 1 comments): OK → 2008/06/sung-cap-tuong.html
0 (0 - 0 comments): OK → 2008/06/tay-ba-loi-a-mien-dat-buon-rau-nhat-the-gian.html
0 (1 - 1 comments): OK → 2008/06/tay-tang-mien-dat-ky-bi-nhat-the-gian.html
0 (2 - 2 comments): OK → 2008/06/kinh-do-bu-da-bet-xu-hung-gia-loi.html
0 (1 - 1 comments): OK → 2008/06/giang-ho-co-2.html
0 (3 - 3 comments): OK → 2008/06/thu-dam-luan.html
0 (4 - 4 comments): OK → 2008/06/giang-ho-co-3.html
0 (73 - 73 comments): OK → 2008/06/bo-tu-huyen-thoai-cua-chinh-the-quoc-xa.html
0 (2 - 2 comments): OK → 2008/06/chiec-non-coi-dau-tien.html
0 (3 - 3 comments): OK → 2008/06/giang-ho-co-4.html
0 (10 - 10 comments): OK → 2008/06/thien-dang.html
0 (1 - 1 comments): OK → 2008/06/thien-dang-2.html
0 (6 - 6 comments): OK → 2008/06/binh-nhi-canh-sat-giao-thong.html
0 (14 - 14 comments): OK → 2008/06/thuong-gia-ban-rong.html
0 (4 - 4 comments): OK → 2008/06/thong-bao-1.html
0 (12 - 12 comments): OK → 2008/06/ho-so-nhan-van-giai-pham.html
0 (24 - 24 comments): OK → 2008/07/viet-lao-kho-me-anh-em.html
0 (7 - 7 comments): OK → 2008/07/huyen-nam-sa-moi-cua-nuoc-tau-ta.html
0 (6 - 6 comments): OK → 2008/07/bong-dung-nho-mot-thang-pho.html
0 (8 - 8 comments): OK → 2008/07/noi-chien.html
0 (17 - 17 comments): OK → 2008/07/noi-chien-2.html
0 (5 - 5 comments): OK → 2008/07/hai-muoi-nam-chi-quynh-anh-vu.html
0 (7 - 7 comments): OK → 2008/07/giang-ho-co-5.html
0 (6 - 6 comments): OK → 2008/07/toa-kham-su-ha-thanh.html
0 (97 - 97 comments): OK → 2008/07/ca-si-suyt-phan-dong-ngoc-tan.html
0 (4 - 4 comments): OK → 2008/07/thien-dang-3.html
0 (8 - 8 comments): OK → 2008/08/cong-nghe-buon-trinh.html
0 (7 - 7 comments): OK → 2008/08/hiep-mot-con-dien-cam-tre-con-u30.html
0 (21 - 21 comments): OK → 2008/08/chien-tinh.html
0 (28 - 28 comments): OK → 2008/08/pho-tinh-le.html
0 (21 - 21 comments): OK → 2008/08/thong-bao-2.html
0 (14 - 14 comments): OK → 2008/08/tu-lenh-nghia-trang.html
0 (15 - 15 comments): OK → 2008/08/noi-chua-chung-ta-pho-thac.html
0 (9 - 9 comments): OK → 2008/08/bon-khoai-tay.html
0 (8 - 8 comments): OK → 2008/09/chien-bua.html
0 (8 - 8 comments): OK → 2008/09/le-tang-ong-chua.html
0 (13 - 13 comments): OK → 2008/09/pho-tau.html
0 (10 - 10 comments): OK → 2008/09/mui-tong-dat.html
0 (260 - 260 comments): OK → 2008/09/mieu-vo-1.html
0 (36 - 36 comments): OK → 2009/02/thong-bao-3.html
0 (35 - 35 comments): OK → 2009/03/tho-bua-1.html
0 (6 - 6 comments): OK → 2009/04/tai-nan-3.html
0 (26 - 26 comments): OK → 2009/04/noi-chua-chung-ta-pho-thac-2.html
0 (6 - 6 comments): OK → 2009/04/di-oach-1.html
0 (8 - 8 comments): OK → 2009/04/tho-bua-2.html
0 (7 - 7 comments): OK → 2009/04/cuoi-tuan-tuc-tuc.html
0 (3 - 3 comments): OK → 2009/04/tho-bua-3.html
0 (2 - 2 comments): OK → 2009/04/16-thang-tu.html
0 (9 - 9 comments): OK → 2009/04/pho-que.html
0 (3 - 3 comments): OK → 2009/04/cuoi-tuan-tuc-tuc-2.html
0 (13 - 13 comments): OK → 2009/04/di-oach-2.html
0 (13 - 13 comments): OK → 2009/04/chien-pham.html
0 (9 - 9 comments): OK → 2009/04/chuyen-ma-no1-1.html
0 (15 - 15 comments): OK → 2009/04/chuyen-ma-no1-2.html
0 (5 - 5 comments): OK → 2009/04/chuyen-ma-no1-3.html
0 (2 - 2 comments): OK → 2009/04/tho-bua-4.html
0 (16 - 16 comments): OK → 2009/04/re-tho-bua-4.html
0 (19 - 19 comments): OK → 2009/04/chuyen-ma-no1-4.html
0 (28 - 28 comments): OK → 2009/04/tho-bua-5.html
0 (36 - 36 comments): OK → 2009/04/tai-nan.html
0 (22 - 22 comments): OK → 2009/05/bo-xit-la-me-gi.html
0 (31 - 31 comments): OK → 2009/05/bo-xit-la-me-gi-2.html
0 (48 - 48 comments): OK → 2009/05/bo-xit-la-me-gi-3.html
0 (29 - 29 comments): OK → 2009/05/bo-xit-la-me-gi-4.html
0 (37 - 37 comments): OK → 2009/05/bo-xit-la-me-gi-5.html
0 (126 - 126 comments): OK → 2009/05/bo-xit-la-me-gi-6.html
0 (137 - 137 comments): OK → 2009/05/bo-xit-la-me-gi-7.html
0 (139 - 139 comments): OK → 2009/05/anh-khieu-dam-chat-nghe.html
0 (62 - 62 comments): OK → 2009/05/tai-nan-2.html
0 (21 - 21 comments): OK → 2009/05/cuoi-phut-bua-1.html
0 (60 - 60 comments): OK → 2009/05/van-pham-dau-tien.html
0 (77 - 77 comments): OK → 2009/05/lau-am-phu-1.html
0 (75 - 75 comments): OK → 2009/05/su-dieu-gi-nhi.html
0 (21 - 21 comments): OK → 2009/05/bo-xit-phan-phan-bien.html
0 (36 - 36 comments): OK → 2009/05/bo-xit-phan-phan-bien-2.html
0 (182 - 182 comments): OK → 2009/05/bo-xit-phan-phan-bien-3.html
0 (356 - 356 comments): OK → 2009/06/bo-xit-phan-phan-bien-4.html
0 (332 - 332 comments): OK → 2009/06/than-dong-dai-thi-hao.html
0 (657 - 657 comments): OK → 2009/06/buoc-giang-thang-son-den.html
0 (981 - 981 comments): OK → 2009/07/chien-cho-1-1.html
0 (148 - 148 comments): OK → 2009/07/chien-cho-1-2.html
0 (103 - 103 comments): OK → 2009/07/di-truyen-17-quai-su-dieu-the-tin-nui-tu-trung-tuong-ken-to-1.html
0 (137 - 137 comments): OK → 2009/07/thanh-ca-gioi-thieu.html
0 (258 - 258 comments): OK → 2009/07/thanh-ca-gioi-thieu-2.html
0 (757 - 757 comments): OK → 2009/07/thong-bao-4.html
0 (68 - 68 comments): OK → 2009/08/di-truyen-17-quai-su-dieu-the-tin-nui-tu-trung-tuong-ken-to-2.html
0 (88 - 88 comments): OK → 2009/08/dai-tuong-con-1.html
0 (323 - 323 comments): OK → 2009/08/dai-tuong-con-2.html
0 (117 - 117 comments): OK → 2009/08/tam-hon-bua.html
0 (78 - 78 comments): OK → 2009/08/mat-tich.html
0 (49 - 49 comments): OK → 2009/08/giong-chot.html
0 (673 - 673 comments): OK → 2009/08/thien-dang-4-1.html
0 (533 - 533 comments): OK → 2009/08/thien-dang-4-2.html
0 (309 - 309 comments): OK → 2009/08/thien-dang-5-1.html
0 (334 - 334 comments): OK → 2009/08/thien-dang-5-2.html
0 (359 - 359 comments): OK → 2009/08/tho-bua-6.html
0 (23 - 23 comments): OK → 2009/08/thien-dang-5-3.html
0 (39 - 39 comments): OK → 2009/08/moi-hang-lang-gieng-1.html
0 (51 - 51 comments): OK → 2009/08/re-moi-hang-lang-gieng-1.html
0 (318 - 318 comments): OK → 2009/08/dai-lua-de-nhi-thap-the-ky-chien-chinh-da-su-1-1.html
0 (260 - 260 comments): OK → 2009/09/thien-dang-5-4.html
0 (409 - 409 comments): OK → 2009/09/moi-hang-lang-gieng-2.html
0 (301 - 301 comments): OK → 2009/09/thien-dang-5-5.html
0 (89 - 89 comments): OK → 2009/09/moi-hang-lang-gieng-3.html
0 (328 - 328 comments): OK → 2009/09/cac-bit-ton.html
0 (64 - 64 comments): OK → 2009/09/tho-bua-7.html
0 (34 - 34 comments): OK → 2009/09/re-tho-bua-7.html
0 (178 - 178 comments): OK → 2009/09/loc-phan.html
0 (255 - 255 comments): OK → 2009/09/doi-khi-sen-cung-can-mot-teo.html
0 (201 - 201 comments): OK → 2009/09/tho-bua-8.html
0 (190 - 190 comments): OK → 2009/09/di-truyen-17-quai-su-dieu-the-tin-nui-tu-trung-tuong-ken-to-3.html
0 (32 - 32 comments): OK → 2009/09/lieu-trai-theme-shop-1-1.html
0 (130 - 130 comments): OK → 2009/09/lieu-trai-theme-shop-1-2.html
0 (442 - 442 comments): OK → 2009/09/lieu-trai-theme-shop-1-3.html
0 (120 - 120 comments): OK → 2009/09/lieu-trai-theme-shop-1-4.html
0 (85 - 85 comments): OK → 2009/09/an-cap-thich-lam.html
0 (360 - 360 comments): OK → 2009/09/joe-dassin-gioi-thieu.html
0 (492 - 492 comments): OK → 2009/09/an-cap-thich-lam-2.html
0 (90 - 90 comments): OK → 2009/10/thien-dang-6-1.html
0 (475 - 475 comments): OK → 2009/10/thien-dang-6-2.html
0 (81 - 81 comments): OK → 2009/10/cam-vat-1.html
0 (26 - 26 comments): OK → 2009/10/cam-vat-2.html
0 (178 - 178 comments): OK → 2009/10/theo-chan-hinh-su.html
0 (132 - 132 comments): OK → 2009/10/theo-chan-hinh-su-2.html
0 (151 - 151 comments): OK → 2009/10/theo-chan-hinh-su-3.html
0 (758 - 758 comments): OK → 2009/10/bua-survey-no1.html
0 (138 - 138 comments): OK → 2009/10/cuoi-phut-bua-2.html
0 (143 - 143 comments): OK → 2009/10/tho-bua-9.html
0 (118 - 118 comments): OK → 2009/10/cuoi-phut-bua-3.html
0 (151 - 151 comments): OK → 2009/10/tho-bua-10.html
0 (104 - 104 comments): OK → 2009/10/alla-pugacheva-gioi-thieu-1.html
0 (83 - 83 comments): OK → 2009/10/alla-pugacheva-gioi-thieu-2.html
0 (112 - 112 comments): OK → 2009/10/alla-pugacheva-gioi-thieu-3.html
0 (753 - 753 comments): OK → 2009/10/xien-lua.html
0 (430 - 430 comments): OK → 2009/11/ngu-cua-phan-dong-dieu-bua.html
0 (245 - 245 comments): OK → 2009/11/xien-lua-2.html
0 (377 - 377 comments): OK → 2009/11/odessa-bao-tap-ong-nin.html
0 (908 - 908 comments): OK → 2009/11/xien-lua-3.html
0 (125 - 125 comments): OK → 2009/11/sai-gon-erp.html
0 (176 - 176 comments): OK → 2009/11/sai-gon-erp-2.html
0 (152 - 152 comments): OK → 2009/11/theo-chan-hinh-su-4.html
0 (1218 - 1218 comments): OK → 2009/11/noi-chien-3-1.html
0 (56 - 56 comments): OK → 2009/11/most-buoi-ever-1.html
0 (382 - 382 comments): OK → 2009/12/kinh-thanh-binh-dan-1.html
0 (473 - 473 comments): OK → 2009/12/thien-chua-binh-dan-1.html
0 (330 - 330 comments): OK → 2009/12/thien-chua-binh-dan-2.html
0 (734 - 734 comments): OK → 2009/12/lost-in-net-lac-trong-mang-1.html
0 (553 - 553 comments): OK → 2009/12/cha-hieu-me-hay-minh-ngu.html
0 (301 - 301 comments): OK → 2009/12/lost-in-net-lac-trong-mang-2.html
0 (140 - 140 comments): OK → 2009/12/lua-bon-anh.html
0 (1314 - 1314 comments): OK → 2009/12/pham-cong-tri-gia-vuong-vo-hinh-bat-hu-1.html
0 (297 - 297 comments): OK → 2009/12/pham-cong-tri-gia-vuong-vo-hinh-bat-hu-2.html
0 (0 - 0 comments): OK → 2010/01/muc-luc.html
0 (27 - 27 comments): OK → 2010/01/ra-mat-nhom-van-bua.html
0 (61 - 61 comments): OK → 2010/01/dien-no1.html
0 (169 - 169 comments): OK → 2010/01/dien-no2.html
0 (954 - 954 comments): OK → 2010/01/ca-vang-1.html
0 (686 - 686 comments): OK → 2010/01/ca-vang-2.html
0 (706 - 706 comments): OK → 2010/01/ca-vang-3.html
0 (217 - 217 comments): OK → 2010/01/ca-vang-4.html
0 (78 - 78 comments): OK → 2010/01/chung-than-1.html
0 (108 - 108 comments): OK → 2010/01/chung-than-2.html
0 (109 - 109 comments): OK → 2010/02/chung-than-3.html
0 (194 - 194 comments): OK → 2010/02/chung-than-4.html
0 (210 - 210 comments): OK → 2010/02/phan-tu-the-ky-1.html
0 (157 - 157 comments): OK → 2010/02/phan-tu-the-ky-2.html
0 (128 - 128 comments): OK → 2010/02/me-su.html
0 (291 - 291 comments): OK → 2010/02/mau-xich-theng.html
0 (396 - 396 comments): OK → 2010/02/gai-que.html
0 (156 - 156 comments): OK → 2010/02/tet-khoai-tay-1.html
0 (80 - 80 comments): OK → 2010/02/tet-khoai-tay-2.html
0 (87 - 87 comments): OK → 2010/02/ghen.html
0 (157 - 157 comments): OK → 2010/02/le-ha-chay.html
0 (52 - 52 comments): OK → 2010/02/day-cam-bay-1.html
0 (133 - 133 comments): OK → 2010/02/day-cam-bay-2.html
0 (134 - 134 comments): OK → 2010/02/chuong-trinh-cuba.html
0 (241 - 241 comments): OK → 2010/03/trang-vit-lon-1.html
0 (134 - 134 comments): OK → 2010/03/ky-tuc-xa-1-1.html
0 (146 - 146 comments): OK → 2010/03/ky-tuc-xa-1-2.html
0 (65 - 65 comments): OK → 2010/03/ky-tuc-xa-1-3.html
0 (61 - 61 comments): OK → 2010/03/trang-vit-lon-2.html
0 (48 - 48 comments): OK → 2010/03/nhac-tin.html
0 (17 - 17 comments): OK → 2010/03/tho-bua-83.html
0 (28 - 28 comments): OK → 2010/03/kinh-thanh-binh-dan-2.html
0 (70 - 70 comments): OK → 2010/03/chay-ban-1.html
0 (125 - 125 comments): OK → 2010/03/chay-ban-2.html
0 (184 - 184 comments): OK → 2010/03/soc-cai-dam-1-1.html
0 (192 - 192 comments): OK → 2010/03/soc-cai-dam-1-2.html
0 (110 - 110 comments): OK → 2010/03/soc-cai-dam-1-3.html
0 (92 - 92 comments): OK → 2010/03/bup-chet-tot.html
0 (249 - 249 comments): OK → 2010/03/doi-bom-hue.html
0 (378 - 378 comments): OK → 2010/03/chang-quagiang-comcan-nhat-trangian-1.html
0 (156 - 156 comments): OK → 2010/03/thongbao-dacbiet.html
0 (60 - 60 comments): OK → 2010/03/chang-quagiang-comcan-nhat-trangian-2.html
0 (51 - 51 comments): OK → 2010/03/tieng-lua-caitao.html
0 (77 - 77 comments): OK → 2010/04/tieng-lua-caitao-2.html
0 (45 - 45 comments): OK → 2010/04/tieng-lua-caitao-3.html
0 (69 - 69 comments): OK → 2010/04/acmong-1.html
0 (367 - 367 comments): OK → 2010/04/acmong-2.html
0 (77 - 77 comments): OK → 2010/04/acmong-3.html
0 (33 - 33 comments): OK → 2010/04/anh-giaitri-chatnghe-1.html
0 (43 - 43 comments): OK → 2010/04/sen-vochung-sen.html
0 (128 - 128 comments): OK → 2010/04/balan-balan-mua-tuyet-tan.html
0 (53 - 53 comments): OK → 2010/04/phin-trieutien-1.html
0 (37 - 37 comments): OK → 2010/04/thang-meo.html
0 (241 - 241 comments): OK → 2010/04/hai-treo-lua-at-dau-1.html
0 (857 - 857 comments): OK → 2010/04/hai-treo-lua-at-dau-2.html
0 (53 - 53 comments): OK → 2010/05/truy-mo-lua-at-dau-1.html
0 (281 - 281 comments): OK → 2010/05/truy-mo-lua-at-dau-2.html
0 (311 - 311 comments): OK → 2010/05/truy-mo-lua-at-dau-3.html
0 (160 - 160 comments): OK → 2010/05/truy-mo-lua-at-dau-4.html
0 (128 - 128 comments): OK → 2010/05/gmt8.html
0 (127 - 127 comments): OK → 2010/05/re-gmt8-1.html
0 (244 - 244 comments): OK → 2010/05/re-gmt8-2.html
0 (253 - 253 comments): OK → 2010/05/hiep-mot-con-dien-2.html
0 (302 - 302 comments): OK → 2010/05/bua-quan-nhi-nien-tong-ket.html
0 (241 - 241 comments): OK → 2010/05/duong-sat-cao-toc-1.html
0 (102 - 102 comments): OK → 2010/05/duong-sat-cao-toc-2.html
0 (95 - 95 comments): OK → 2010/05/lucbat-khoaitay.html
0 (445 - 445 comments): OK → 2010/05/ong-cu-nhap-vong-1.html
0 (143 - 143 comments): OK → 2010/05/ong-cu-nhap-vong-2.html
0 (434 - 434 comments): OK → 2010/06/pupo-gioithieu.html
0 (283 - 283 comments): OK → 2010/06/dich-tho.html
0 (121 - 121 comments): OK → 2010/06/luas-buas-italiano.html
0 (113 - 113 comments): OK → 2010/06/luas-buas-italiano-lezione-uno.html
0 (97 - 97 comments): OK → 2010/06/chiengia-tuvan.html
0 (105 - 105 comments): OK → 2010/06/luas-buas-italiano-lezione-due.html
0 (265 - 265 comments): OK → 2010/06/duong-sat-cao-toc-3.html
0 (124 - 124 comments): OK → 2010/06/w-w-wrld-cp.html
0 (238 - 238 comments): OK → 2010/06/luas-buas-italiano-lezione-tre.html
0 (181 - 181 comments): OK → 2010/06/cup-dien.html
0 (92 - 92 comments): OK → 2010/06/devuong-damduc-1.html
0 (65 - 65 comments): OK → 2010/06/cam-mua.html
0 (94 - 94 comments): OK → 2010/06/devuong-damduc-2.html
0 (98 - 98 comments): OK → 2010/06/devuong-damduc-3.html
0 (347 - 347 comments): OK → 2010/06/devuong-damduc-4.html
0 (178 - 178 comments): OK → 2010/07/sangtaohoc-sang-tao-hoc-1.html
0 (576 - 576 comments): OK → 2010/07/sangtaohoc-sang-tao-hoc-2.html
0 (83 - 83 comments): OK → 2010/07/sech-tinh-hoa.html
0 (210 - 210 comments): OK → 2010/07/sech-tinh-hoa-2-1.html
0 (237 - 237 comments): OK → 2010/07/sech-tinh-hoa-2-2.html
0 (92 - 92 comments): OK → 2010/07/ha-noi-ngap-1.html
0 (11 - 11 comments): OK → 2010/07/ha-noi-ngap-2.html
0 (49 - 49 comments): OK → 2010/07/le-premier-amour.html
0 (89 - 89 comments): OK → 2010/07/when-no-female-beside.html
0 (62 - 62 comments): OK → 2010/08/tenez-la-pour-le-temps-passe.html
0 (29 - 29 comments): OK → 2010/08/tenez-la-pour-le-temps-passe-english-version.html
0 (283 - 283 comments): OK → 2010/08/le-premier-amour-english-version.html
0 (445 - 445 comments): OK → 2010/08/riding-partner-bilingual-version.html
0 (103 - 103 comments): OK → 2010/08/tatiana-vs-sergei-bilingual-version.html
0 (315 - 315 comments): OK → 2010/08/national-wanking.html
0 (356 - 356 comments): OK → 2010/08/zhuangzu.html
0 (93 - 93 comments): OK → 2010/09/maestro.html
0 (364 - 364 comments): OK → 2010/09/whos-zhao-wang-whos-zheng-nu-wang-1.html
0 (399 - 399 comments): OK → 2010/09/cross-toe-boot-up-technology.html
0 (1017 - 1017 comments): OK → 2010/09/most-luas-immortal-ever.html
0 (456 - 456 comments): OK → 2010/09/most-luas-immortal-ever-2-1.html
0 (481 - 481 comments): OK → 2010/09/money-making.html
0 (108 - 108 comments): OK → 2010/09/ms-zhou.html
0 (91 - 91 comments): OK → 2010/09/guan-shi-si.html
0 (279 - 279 comments): OK → 2010/09/yo-watches.html
0 (517 - 517 comments): OK → 2010/10/ong-cus-super-car.html
0 (396 - 396 comments): OK → 2010/10/rond-point-puginier.html
0 (1742 - 1742 comments): OK → 2010/10/boip-bomb-over-ip.html
0 (300 - 300 comments): OK → 2010/10/xom-thoi-1.html
0 (274 - 274 comments): OK → 2010/10/declaration-of-establishment-of-digital-state-of-asinero.html
0 (230 - 230 comments): OK → 2010/10/xom-thoi-2.html
0 (329 - 329 comments): OK → 2010/10/the-accident-19.html
0 (629 - 629 comments): OK → 2010/10/xom-thoi-3.html
0 (222 - 222 comments): OK → 2010/11/woman-in-love-1.html
0 (900 - 900 comments): OK → 2010/11/luas-car-pricing-tragedy-1.html
0 (263 - 263 comments): OK → 2010/11/boip-bomb-over-ip-2.html
0 (772 - 772 comments): OK → 2010/11/free-homes-for-the-assholes.html
0 (997 - 997 comments): OK → 2010/11/days-counting-to-ww3-1.html
0 (542 - 542 comments): OK → 2010/12/luas-home-pricing-tragedy-1.html
0 (254 - 254 comments): OK → 2010/12/luas-home-pricing-tragedy-2.html
0 (403 - 403 comments): OK → 2010/12/luas-home-pricing-tragedy-3.html
0 (455 - 455 comments): OK → 2010/12/who-experienced-ba-cang-bombs.html
0 (267 - 267 comments): OK → 2010/12/merry-christmas.html
0 (220 - 220 comments): OK → 2010/12/health-series-kidney-disease-1.html
0 (608 - 608 comments): OK → 2011/01/pop-law.html
0 (1200 - 1200 comments): OK → 2011/01/wang-baron-of-laos-1.html
0 (1014 - 1014 comments): OK → 2011/01/dog-story-2-1.html
0 (364 - 364 comments): OK → 2011/01/farewell.html
0 (763 - 763 comments): OK → 2011/01/the-generals-super-lunch.html
0 (799 - 799 comments): OK → 2011/01/japan-slut-1.html
0 (632 - 632 comments): OK → 2011/02/japan-slut-2.html
0 (614 - 614 comments): OK → 2011/02/get-onto-the-top-1.html
0 (704 - 704 comments): OK → 2011/02/valentines-poem.html
0 (582 - 582 comments): OK → 2011/02/self-war.html
0 (874 - 874 comments): OK → 2011/02/the-first-condom.html
0 (1015 - 1015 comments): OK → 2011/02/uncle-fi-libyan-revolution-father-1.html
0 (809 - 809 comments): OK → 2011/02/leon-presents.html
0 (1067 - 1067 comments): OK → 2011/03/gold-gold-gold-1.html
0 (601 - 601 comments): OK → 2011/03/march-females-day.html
0 (1063 - 1063 comments): OK → 2011/03/to-eat-to-drink-to-shit-to-piss-1.html
0 (917 - 917 comments): OK → 2011/03/mui-tong-dat.html
0 (886 - 886 comments): OK → 2011/03/pho-tau.html
0 (840 - 840 comments): OK → 2011/03/bong-dung-nho-mot-thang-pho.html
0 (570 - 570 comments): OK → 2011/04/the-generals-shi-zhi-gong-1-1.html
0 (265 - 265 comments): OK → 2011/04/luas-buas-italiano-lasciatemi-cantare-una-canzone-piano-piano.html
0 (1107 - 1107 comments): OK → 2011/04/xom-thoi-4.html
0 (430 - 430 comments): OK → 2011/04/lost-daughters-of-the-b-f.html
0 (1083 - 1083 comments): OK → 2011/04/splendour-be-to-the-gods-land.html
0 (1290 - 1290 comments): OK → 2011/04/be-a-christian-1.html
0 (1348 - 1348 comments): OK → 2011/05/be-a-christian-2.html
0 (617 - 617 comments): OK → 2011/05/xom-thoi-5.html
0 (747 - 747 comments): OK → 2011/05/bua-quan-tam-nien-tong-ket.html
0 (710 - 710 comments): OK → 2011/05/wheres-ong-cu-gone.html
0 (1321 - 1321 comments): OK → 2011/06/enemys-voice-1.html
0 (1461 - 1461 comments): OK → 2011/06/enemys-voice-2.html
0 (274 - 274 comments): OK → 2011/07/shentong-kid.html
0 (1164 - 1164 comments): OK → 2011/07/giangho-co-1.html
0 (503 - 503 comments): OK → 2011/07/the-master.html
0 (3228 - 3228 comments): OK → 2011/07/thoi-bua.html
0 (1875 - 1875 comments): OK → 2011/08/to-run-a-kidney.html
0 (403 - 403 comments): OK → 2011/08/man-from-thai.html
0 (6759 - 6759 comments): OK → 2011/08/doomsday.html
0 (126 - 126 comments): OK → 2011/08/ryo-hooligan-p1_0426562050.html
0 (1274 - 1274 comments): OK → 2011/10/no-motorbike-yangon.html
0 (1426 - 1426 comments): OK → 2011/10/english-listening-lesson-1.html
0 (1439 - 1439 comments): OK → 2011/10/long-road-over-moor-of-hazards-1.html
0 (2629 - 2629 comments): OK → 2011/11/hundred-billion.html
0 (1131 - 1131 comments): OK → 2011/11/lovetalks.html
0 (1288 - 1288 comments): OK → 2011/11/cayicheanyam.html
0 (1758 - 1758 comments): OK → 2011/12/nearly-killed.html
0 (2249 - 2249 comments): OK → 2011/12/you-fucking-secret-corp-1.html
0 (1467 - 1467 comments): OK → 2012/01/bone-falls-1.html
0 (1028 - 1028 comments): OK → 2012/01/cat-story.html
0 (963 - 963 comments): OK → 2012/02/the-problems-of-thang-dinh-1.html
0 (597 - 597 comments): OK → 2012/02/world-wide-rail-vision.html
0 (5741 - 5741 comments): OK → 2012/02/valentines-song.html
0 (0 - 0 comments): OK → 2012/03/now-move-sang-quan-moi-ciao-yahoo.html
0 (266 - 266 comments): OK → 2012/03/ryo-hooligan-rio-cono.html
0 (1701 - 1701 comments): OK → 2012/03/now-move-gia-biet-zahu-p1.html
0 (470 - 470 comments): OK → 2012/03/the-story-of-st-jong-yahoo.html
0 (806 - 806 comments): OK → 2012/03/story-of-st-jong-thanh-jong.html
0 (647 - 647 comments): OK → 2012/03/story-of-st-jong-thanh-jong-2.html
0 (249 - 249 comments): OK → 2012/03/shit-corp-rearrangement-quan-bua-caitao.html
0 (137 - 137 comments): OK → 2012/03/story-of-st-jong-thanh-jong-3.html
0 (176 - 176 comments): OK → 2012/04/rain-in-drive-mua-ngoai-ngo.html
0 (4493 - 4493 comments): OK → 2012/04/feeling-of-honesty-camgiac-congchinh.html
0 (998 - 998 comments): OK → 2012/04/hong-kong-huong-cang.html
0 (523 - 523 comments): OK → 2012/04/liberation-giai-phong.html
0 (305 - 305 comments): OK → 2012/05/cat-story-chuyen-meo-2.html
0 (256 - 256 comments): OK → 2012/05/thang-dinh-vs-buffalo-thang-dinh-vs-ong.html
0 (139 - 139 comments): OK → 2012/05/tovarish-sukhoi-dongchi-sukhoi.html
0 (85 - 85 comments): OK → 2012/05/money-loyalty-and-patriotism-tienbac.html
0 (4858 - 4858 comments): OK → 2012/05/generals-shi-yin-gong-bathu-thap-dam.html
0 (198 - 198 comments): OK → 2012/05/abbie-multiheaded-abbie-dathu.html
0 (235 - 235 comments): OK → 2012/05/abbie-multiheaded-abbie-dathu-2.html
0 (277 - 277 comments): OK → 2012/05/pop-finance-taichinh-binhdan.html
0 (206 - 206 comments): OK → 2012/05/shit-corp-four-year-review-bua-quan-tu.html
0 (229 - 229 comments): OK → 2012/05/cat-story-chuyen-meo-22.html
0 (132 - 132 comments): OK → 2012/05/bigstar-general-jr-ai-tuong-con.html
0 (254 - 254 comments): OK → 2012/05/online-payment-thanhtoan-tructuyen.html
0 (134 - 134 comments): OK → 2012/05/ghost-story-no1-chuyen-ma-no1.html
0 (175 - 175 comments): OK → 2012/05/join-our-paid-box-thamgia-paid-box.html
0 (129 - 129 comments): OK → 2012/05/online-payment-thanhtoan-tructuyen-2.html
0 (299 - 299 comments): OK → 2012/05/big-boom-sale-now-open-mai-zo-mai-zo.html
0 (1379 - 1379 comments): OK → 2012/06/doing-kids-yeu-chau.html
0 (1007 - 1007 comments): OK → 2012/06/pop-branding-thuonghieuthuat-binhdan.html
0 (863 - 863 comments): OK → 2012/06/brand-valuation-dinh-gia-thuonghieu.html
0 (371 - 371 comments): OK → 2012/06/soccer-stories-chuyen-banhbong.html
0 (146 - 146 comments): OK → 2012/06/deflation-giamphat.html
0 (418 - 418 comments): OK → 2012/06/bai-dongdao-vonghia-nhat.html
0 (601 - 601 comments): OK → 2012/06/brother-zoong-em-zoong.html
0 (1032 - 1032 comments): OK → 2012/07/lets-take-bullet-lam-mot-bi.html
0 (2355 - 2355 comments): OK → 2012/07/dr-jans-journeys-dudang-bacsi-jan.html
0 (1346 - 1346 comments): OK → 2012/07/basic-pilgrimage-hanhhuong-goc.html
0 (379 - 379 comments): OK → 2012/08/chinese-mandarin-pinyin-phothong-hanngu.html
0 (414 - 414 comments): OK → 2012/08/practising-pinyin-binham-thuchanh.html
0 (1086 - 1086 comments): OK → 2012/08/dr-jans-journeys-dudang-bacsi-jan-6.html
0 (1013 - 1013 comments): OK → 2012/08/practising-pinyin-binham-thuchanh-2.html
0 (732 - 732 comments): OK → 2012/08/lac-de-quom-ho-guom.html
0 (379 - 379 comments): OK → 2012/09/captain-tonkin-aiuy-backy.html
0 (319 - 319 comments): OK → 2012/09/swing-technics-kythuat-swing.html
0 (1922 - 1922 comments): OK → 2012/09/al-huang-generals-phone-number-in-guilin.html
0 (2540 - 2540 comments): OK → 2012/10/hey-ya-gold-vang-oi.html
0 (289 - 289 comments): OK → 2012/10/the-general-in-yangshuo-trung-tuong-tai.html
0 (516 - 516 comments): OK → 2012/10/october-cunt-folklore-honnhien-cadao.html
0 (1286 - 1286 comments): OK → 2012/10/seducing-ghost-goi-ma.html
0 (1524 - 1524 comments): OK → 2012/10/uk-192x-anh-quoc-192x.html
0 (1032 - 1032 comments): OK → 2012/11/vulture-culture-vanhoa-kenken.html
0 (1060 - 1060 comments): OK → 2012/11/seducing-ghost-goi-ma-2.html
0 (277 - 277 comments): OK → 2012/11/camel-culture-vanhoa-laca.html
0 (488 - 488 comments): OK → 2012/11/the-westerners-bon-khoai-tay.html
0 (1440 - 1440 comments): OK → 2012/11/ass-culture-vanhoa-lua.html
0 (3057 - 3057 comments): OK → 2012/12/black-squirrel-red-bowel-soc-en-bung-o.html
0 (1300 - 1300 comments): OK → 2012/12/applied-statistics-probability-for.html
0 (560 - 560 comments): OK → 2012/12/christmas-eagle-aibang-noel.html
0 (1709 - 1709 comments): OK → 2012/12/emmanuel-thien-chua-o-cung-chung-ta.html
0 (1085 - 1085 comments): OK → 2012/12/western-newyear-tet-khoai-tay.html
0 (1940 - 1940 comments): OK → 2013/01/country-babes-gai-que.html
0 (1491 - 1491 comments): OK → 2013/01/the-three-kingdoms-tam-quoc-chi.html
0 (1207 - 1207 comments): OK → 2013/01/financial-liquidity-solvency-and.html
0 (1287 - 1287 comments): OK → 2013/01/mouzicteng-mauxichtheng.html
0 (892 - 892 comments): OK → 2013/02/love-story-chuyen-tinh.html
0 (1024 - 1024 comments): OK → 2013/02/woman-anba.html
0 (1661 - 1661 comments): OK → 2013/02/memory-kyuc.html
0 (2719 - 2719 comments): OK → 2013/02/take-me-to-morrow-hay-mang-em-toi-ngay.html
0 (2923 - 2923 comments): OK → 2013/03/fcsq-female-side-compatible-sex.html
0 (4180 - 4180 comments): OK → 2013/03/grass-gangster-giangho-co-1-2-3.html
0 (2204 - 2204 comments): OK → 2013/03/phnompenh-wail-fair-hoicho-suotmuot.html
0 (1126 - 1126 comments): OK → 2013/04/fast-mba-1st-season-coming-fast-mba.html
0 (4356 - 4356 comments): OK → 2013/04/sexing-up-khieudam.html
0 (269 - 269 comments): OK → 2013/05/dog-story-chuyen-cho-2.html
0 (1000 - 1000 comments): OK → 2013/05/shit-corp-five-year-review-bua-quan-ngu.html
0 (2116 - 2116 comments): OK → 2013/05/the-accidents-tainan-1-2-3.html
0 (1143 - 1143 comments): OK → 2013/06/the-pro-tay-chuyen.html
0 (892 - 892 comments): OK → 2013/06/nearly-killed-suyt-bi-giet.html
0 (944 - 944 comments): OK → 2013/06/curly-bearded-single-legged-rau-xoan.html
0 (508 - 508 comments): OK → 2013/07/applied-economics-kinhtehoc-ungdung-6.html
0 (635 - 635 comments): OK → 2013/07/digital-coupon-coupon-ientu.html
0 (1694 - 1694 comments): OK → 2013/07/dog-story-chuyen-cho-1.html
0 (851 - 851 comments): OK → 2013/08/pissing-on-wound-ai-giua-vet-thuong.html
0 (540 - 540 comments): OK → 2013/08/the-pro-2-gone-away-tay-chuyen-2-roi.html
0 (4758 - 4758 comments): OK → 2013/09/judgment-eve-em-phanxet.html
0 (5000 - 5000 comments): OK → 2013/09/immortality-battu-1.html
0 (3506 - 3506 comments): OK → 2013/10/vietnam-tattoo-vietnam-samtro.html
0 (981 - 981 comments): OK → 2013/11/money-of-future-tien-cua-maisau.html
0 (1874 - 1874 comments): OK → 2013/11/applied-marketing-marketing-ungdung-2.html
0 (902 - 902 comments): OK → 2013/12/fast-mba-season-ii-fast-mba-khoa-ii.html
0 (1555 - 1555 comments): OK → 2013/12/merry-christmas-joyeux-noel-giangsinh.html
0 (4881 - 4881 comments): OK → 2014/01/the-three-academic-language-skills-ba.html
0 (4301 - 4301 comments): OK → 2014/01/floating-penis-duongvat-benhbong.html
0 (4902 - 4902 comments): OK → 2014/02/ngu-nien-sach-photo-unknown.html
0 (4992 - 4992 comments): OK → 2014/03/following-cops-theo-chan-hinhsu.html
0 (4493 - 4493 comments): OK → 2012/04/feeling-of-honesty-camgiac-congchinh.html
0 (4858 - 4858 comments): OK → 2012/05/generals-shi-yin-gong-bathu-thap-dam.html
0 (4835 - 4835 comments): OK → 2014/05/everlasting-maimai.html
0 (2951 - 2951 comments): OK → 2014/05/shit-corp-six-year-review-bua-quan-luc.html
0 (1965 - 1965 comments): OK → 2014/06/do-take-my-finger-hay-nam-ngon-tay-em.html
0 (65 - 65 comments): OK → 2014/06/crusaders-vienchinh-booi.html
0 (9 - 9 comments): OK → 2014/06/now-move-sang-quan-moi.html
0 (1808 - 1808 comments): OK → 2014/06/crusaders-vienchinh-bodoi.html
0 (4999 - 4999 comments): OK → 2014/06/language-sinhngu.html
0 (5000 - 5000 comments): OK → 2014/07/please-dont-hit-me-xin-ung-anh-em.html
0 (881 - 881 comments): OK → 2014/09/marketing-presents-marketing-gioithieu.html
0 (5000 - 5000 comments): OK → 2014/09/please-dont-hit-me-xin-ung-anh-em-2.html
0 (4877 - 4877 comments): OK → 2014/10/chuyen-ma-no1.html
0 (4483 - 4483 comments): OK → 2014/10/king-cobra-true-story-ran-chua-chuyen.html
0 (2559 - 2559 comments): OK → 2014/11/its-simply-cancer-no-la-ungthu.html
0 (1245 - 1245 comments): OK → 2014/12/tangma-vuive-happy-death.html
0 (3738 - 3738 comments): OK → 2015/01/december-born-sinh-thang-chap.html
0 (1166 - 1166 comments): OK → 2015/02/life-is-like-rape-cuoc-oi-nhu-vu-hiep.html
0 (651 - 651 comments): OK → 2015/02/skiing-in-their-hell-phi-giua-tran-ai.html
0 (889 - 889 comments): OK → 2015/02/russian-love-songs-for-my-lovely-kittie.html
0 (362 - 362 comments): OK → 2015/03/financial-statement-analysis-phantich.html
0 (263 - 263 comments): OK → 2015/03/financial-statement-analysis-phantich_25.html
0 (272 - 272 comments): OK → 2015/03/cash-perpetuity-dong-tien-vohan.html
0 (338 - 338 comments): OK → 2015/04/thongbao-chieusinh-fast-mba-khoa-iv.html
0 (1205 - 1205 comments): OK → 2015/04/photofolk-long-way-home-vehinh-uong-zia.html
0 (191 - 191 comments): OK → 2015/05/business-entities-cac-hinhthuc.html
0 (594 - 594 comments): OK → 2015/05/long-way-home-uong-zia-xa-tit-2.html
0 (841 - 841 comments): OK → 2015/05/shit-corp-seven-year-review-bua-quan.html
0 (444 - 444 comments): OK → 2015/05/contribution-margin-loinhuan-tren.html
0 (614 - 614 comments): OK → 2015/06/the-war-cuoc-chien.html
0 (355 - 355 comments): OK → 2015/06/business-risk-ruiro-kinhte.html
0 (228 - 228 comments): OK → 2015/06/spinal-degeneration-thoaihoa-cotsong.html
0 (267 - 267 comments): OK → 2015/07/mai-kingdom-and-moc-kingdom-chau-mai-va.html
0 (659 - 659 comments): OK → 2015/07/lindochine-de-1886-ongduong-mua-1886.html
0 (1908 - 1908 comments): OK → 2015/07/financial-risk-analysis-phantich-ruiro.html
0 (544 - 544 comments): OK → 2015/08/geographical-pricing-chinhsach-gia-ialy.html
0 (182 - 182 comments): OK → 2015/08/rechargeable-battery-and-battery.html
0 (850 - 850 comments): OK → 2015/08/childrens-common-behavior-regulation.html
0 (1050 - 1050 comments): OK → 2015/09/hunger-file-hoso-themkhat.html
0 (315 - 315 comments): OK → 2015/09/dog-story-chuyen-cho-3.html
0 (1038 - 1038 comments): OK → 2015/09/ghost-hunting-san-ma-1.html
0 (436 - 436 comments): OK → 2015/10/thongbao-chieusinh-fast-mba-khoa-v.html
0 (409 - 409 comments): OK → 2015/10/pop-finance-optimal-cash-level-taichinh.html
0 (112 - 112 comments): OK → 2015/10/understanding-yield-and-profit-quanhe.html
0 (460 - 460 comments): OK → 2015/11/solid-state-drive-cabin-loi-dac.html
0 (721 - 721 comments): OK → 2015/11/price-reduction-and-price-discount-giam.html
0 (3222 - 3222 comments): OK → 2015/11/break-even-quantity-sanluong-hoa-von.html
0 (314 - 314 comments): OK → 2015/12/god-aspects-merry-christmas-2015.html
0 (410 - 410 comments): OK → 2015/12/god-aspects-catholicism-in-vietnam.html
0 (415 - 415 comments): OK → 2015/12/god-aspects-catholicism-in-vietnam_31.html
0 (571 - 571 comments): OK → 2016/01/nuclear-war-script-script-de-la-guerre.html
0 (170 - 170 comments): OK → 2016/01/super-powerball-2016-us-socialism.html
0 (464 - 464 comments): OK → 2016/01/pop-law-everything-which-is-not.html
0 (108 - 108 comments): OK → 2016/01/notice-of-state-of-giuns-xu-giun-baocao.html
0 (573 - 573 comments): OK → 2016/01/the-great-giun-legend-dai-giun-giaithoai.html
0 (468 - 468 comments): OK → 2016/01/bro-coong-blind-frere-coong-laveugle.html
0 (463 - 463 comments): OK → 2016/01/bridge-on-mother-river-pont-sur-la.html
0 (556 - 556 comments): OK → 2016/02/valentine.html
0 (497 - 497 comments): OK → 2016/02/kill-em-all-chem-sach-chung.html
0 (200 - 200 comments): OK → 2016/02/pop-shu-nhotoan-binhdan.html
0 (678 - 678 comments): OK → 2016/02/pop-shu-nhotoan-binhdan-2.html
0 (1779 - 1779 comments): OK → 2016/03/marry-wife-cuoi-vo.html
0 (663 - 663 comments): OK → 2016/03/under-ghost-gioi-day.html
0 (124 - 124 comments): OK → 2016/03/escapes-daonguc.html
0 (1243 - 1243 comments): OK → 2016/04/online-purchase-muatau-online.html
0 (349 - 349 comments): OK → 2016/04/valuation-and-investing-dinhgia-va-dautu.html
0 (132 - 132 comments): OK → 2016/04/valuation-and-investing-dinhgia-va-dautu-2.html
0 (419 - 419 comments): OK → 2016/04/price-vs-place-vs-brand.html
0 (648 - 648 comments): OK → 2016/05/westerners-format-congthuc-taybuong.html
0 (1359 - 1359 comments): OK → 2016/05/shit-corp-eight-year-review-bua-quan.html
0 (604 - 604 comments): OK → 2016/05/owning-handwinding-watch-choi-dong-quaytay.html
0 (5000 - 5000 comments): OK → 2016/06/dads-day-memorial.html
0 (196 - 196 comments): OK → 2016/08/fallow-season-mua-hoangvu-1.html
0 (279 - 279 comments): OK → 2016/06/fallow-season-mua-hoangvu-2.html
0 (2225 - 2225 comments): OK → 2016/07/maam-doll-co-on-1.html
0 (1142 - 1142 comments): OK → 2016/07/maam-doll-co-on-2.html
0 (231 - 231 comments): OK → 2016/07/vietnamese-writing-problems-chu-giun.html
0 (249 - 249 comments): OK → 2016/08/shit-fall-thu-bua.html
0 (231 - 231 comments): OK → 2016/08/vietnamese-writing-problems-chu-giun.html
0 (375 - 375 comments): OK → 2016/08/comics-vietnamese-new-writing-concept-1.html
0 (182 - 182 comments): OK → 2016/09/comics-vietnamese-new-writing-concept-2.html
0 (280 - 280 comments): OK → 2016/09/comics-vietnamese-new-writing-concept-3.html
0 (200 - 200 comments): OK → 2016/09/comics-vietnamese-new-writing-concept-4.html
0 (144 - 144 comments): OK → 2016/10/accounting-for-investments-ketoan-dautu.html
0 (200 - 200 comments): OK → 2016/10/comics-vietnamese-new-writing-concept-5.html
0 (169 - 169 comments): OK → 2016/10/anh-buong-chieusinh-f-mba-khoa-vii.html
0 (135 - 135 comments): OK → 2016/10/teach-your-kids-to-draw-zay-baby-ve-1.html
0 (438 - 438 comments): OK → 2016/10/chinese-radicals-214-bo-chu-khua.html
0 (201 - 201 comments): OK → 2016/11/most-important-chinese-words-1.html
0 (736 - 736 comments): OK → 2016/11/cat-story-commander-ngoao-audio-version.html
0 (222 - 222 comments): OK → 2016/11/black-squirrel-red-bowel-soc-den-bung.html
0 (368 - 368 comments): OK → 2016/11/woman-danba-audio-version.html
0 (1087 - 1087 comments): OK → 2016/11/using-shitcorp-bookmarklets.html
0 (694 - 694 comments): OK → 2016/12/gone-away-da-roi-khoi-audio-version.html
0 (276 - 276 comments): OK → 2016/12/secure-asset-allocation-matrix-matran.html
0 (42 - 42 comments): OK → 2016/12/skilled-worker-immigration-zizan.html
0 (101 - 101 comments): OK → 2016/12/christmas-parables-zungon-noel.html
0 (230 - 230 comments): OK → 2016/12/home-tricks-meo-nha.html
0 (305 - 305 comments): OK → 2017/01/daily-themeless-tales-chuyen-thantien.html
0 (514 - 514 comments): OK → 2017/01/new-year-photos.html
0 (166 - 166 comments): OK → 2017/02/business-and-brand-valuation-dinhgia.html
0 (630 - 630 comments): OK → 2017/02/valentine-theme-2012-audio-version.html
0 (72 - 72 comments): OK → 2017/02/mo-giac-buingui.html
0 (251 - 251 comments): OK → 2017/03/ten-commandments-muoi-ran-thienchua.html
0 (4 - 4 comments): OK → 2017/03/common-law-vs-civil-law-thongluat-va.html
0 (78 - 78 comments): OK → 2017/03/sex-offender-registry-antich-tinhzuc.html
0 (54 - 54 comments): OK → 2017/03/jessica-vs-megan-luat-zamzuc-meo.html
0 (326 - 326 comments): OK → 2017/03/cat-story-home-tyrant-audio-version.html
0 (131 - 131 comments): OK → 2017/03/why-must-vietjet-air-die-in-next-3.html
0 (333 - 333 comments): OK → 2017/04/tritue-nhantao-va-cu-cachmang-congnghe.html
0 (68 - 68 comments): OK → 2017/04/ai-tung-thang-kien-cac-hang-hangkhong.html
0 (61 - 61 comments): OK → 2017/04/who-is-most-famous-giun-in-world-giun.html
0 (368 - 368 comments): OK → 2017/04/zadenthui-khong-lam-huanluyenvien.html
0 (396 - 396 comments): OK → 2017/04/vysao-tan-huanluyenvien-phap-chon-vo.html
0 (161 - 161 comments): OK → 2017/05/mua-xua-giun-my-khua-dam-nhau-nom-nhu.html
0 (108 - 108 comments): OK → 2017/05/life-insurance-premium-calculator.html
0 (273 - 273 comments): OK → 2017/05/ba-shen-gong-and-gastritis-bat-than.html
0 (18 - 18 comments): OK → 2017/05/tivis-in-paradise-tivi-thiendang.html
0 (202 - 202 comments): OK → 2017/05/thang-nam-tungbung-con-soclo-bua-quan.html
0 (123 - 123 comments): OK → 2017/05/how-do-bitcoin-work-bitcoin-hoatdong.html
0 (413 - 413 comments): OK → 2017/05/bitcoin-trend-by-anh-bwcng-anh-bwcng.html
0 (43 - 43 comments): OK → 2017/06/congrats-king-of-big-ear-cup-chao-vua.html
0 (64 - 64 comments): OK → 2017/06/camera-panning-technique-kynang-chotlia.html
0 (418 - 418 comments): OK → 2017/06/mergers-acquisitions-sapnhap-va-thautom.html
0 (74 - 74 comments): OK → 2017/06/financial-statement-fraud-lyluan.html
0 (333 - 333 comments): OK → 2017/06/relay-and-diy-gole-va-taychoi-diy.html
0 (162 - 162 comments): OK → 2017/06/financial-statement-fraud-lyluan_25.html
0 (186 - 186 comments): OK → 2017/06/financial-statement-fraud-03.html
0 (402 - 402 comments): OK → 2017/07/cash-management-caiquan-xeng.html
0 (14 - 14 comments): OK → 2017/07/topology-and-giuns-life-topo-va-doi-giun.html
0 (78 - 78 comments): OK → 2017/07/financial-statement-fraud-04.html
0 (31 - 31 comments): OK → 2017/07/topology-and-giuns-life-topo-va-doi-giun-2.html
0 (28 - 28 comments): OK → 2017/07/the-generals-shiminggong-bathu-thap.html
0 (61 - 61 comments): OK → 2017/07/the-generals-shiminggong-2.html
0 (144 - 144 comments): OK → 2017/08/the-generals-shiminggong-3.html
0 (118 - 118 comments): OK → 2017/08/the-generals-shiminggong-4.html
0 (65 - 65 comments): OK → 2017/08/the-generals-shiminggong-last.html
0 (74 - 74 comments): OK → 2017/08/ventriloquism-tramngam-giongbung.html
0 (956 - 956 comments): OK → 2017/08/economical-language-quotation-giatri.html
0 (57 - 57 comments): OK → 2017/08/baby-we-are-sorry.html
0 (13 - 13 comments): OK → 2017/09/love-of-visit-damme-thamthu.html
0 (67 - 67 comments): OK → 2017/09/monk-dude-su-ban.html
0 (220 - 220 comments): OK → 2017/09/bow-guru-suphu-gatgu.html
0 (46 - 46 comments): OK → 2017/09/hanoi-hundred-yeas-ago-hanoi-tram-mua.html
0 (227 - 227 comments): OK → 2017/09/nhung-con-cua-hanoicho-bua-truoc.html
0 (130 - 130 comments): OK → 2017/09/tlr-camera-maychot-haipha.html
0 (26 - 26 comments): OK → 2017/11/having-good-body-phutung-codia.html
0 (72 - 72 comments): OK → 2017/11/crypto-currency-beware-of-ponzi-xeng.html
0 (791 - 791 comments): OK → 2017/11/street-photography-chot-pho.html
0 (10 - 10 comments): OK → 2017/11/film-shot-chot-phim.html
0 (25 - 25 comments): OK → 2017/11/film-forever-phim-hinh-con-mai.html
0 (56 - 56 comments): OK → 2017/11/dz-gi-r-tr-ch.html
0 (69 - 69 comments): OK → 2017/11/is-bitcoin-expensive-bich-coi-dat-hay.html
0 (399 - 399 comments): OK → 2017/12/why-do-giuns-chew-with-mouth-open-visao.html
0 (55 - 55 comments): OK → 2017/12/asinerum-artificial-language-for.html
0 (72 - 72 comments): OK → 2017/12/asinerum-basic-concepts-canban-cua.html
0 (72 - 72 comments): OK → 2017/12/asinerum-orthography-asinerum-amvi.html
0 (97 - 97 comments): OK → 2017/12/asinerum-nouns-asinerum-zanhtu-1.html
0 (50 - 50 comments): OK → 2017/12/asinerum-nouns-asinerum-zanhtu-2.html
0 (109 - 109 comments): OK → 2017/12/asinerum-nouns-asinerum-zanhtu-3.html
0 (48 - 48 comments): OK → 2018/01/asinerum-articles-asinerum-quantu.html
0 (31 - 31 comments): OK → 2018/01/asinerum-determiners-asinerum-dinhtu-1.html
0 (151 - 151 comments): OK → 2018/01/why-ripple-visao-ripple.html
0 (11 - 11 comments): OK → 2018/01/asinerum-determiners-asinerum-dinhtu-2.html
0 (5 - 5 comments): OK → 2018/01/asinerum-determiners-asinerum-dinhtu-3.html
0 (55 - 55 comments): OK → 2018/01/asinerum-pronouns-asinerum-daitu-1.html
0 (30 - 30 comments): OK → 2018/01/truyen-thantien-ky-1-congchua-ken-chong.html
0 (28 - 28 comments): OK → 2018/01/asinerum-pronouns-asinerum-daitu-2.html
0 (34 - 34 comments): OK → 2018/01/asinerum-pronouns-asinerum-daitu-3.html
0 (225 - 225 comments): OK → 2018/01/asinerum-adjectives-asinerum-tinhtu.html
0 (28 - 28 comments): OK → 2018/01/asinerum-adverbs-asinerum-trangtu-1.html
0 (46 - 46 comments): OK → 2018/01/asinerum-adverbs-asinerum-trangtu-2.html
0 (21 - 21 comments): OK → 2018/01/asinerum-adverbs-asinerum-trangtu-3.html
0 (21 - 21 comments): OK → 2018/01/asinerum-numbers-asinerum-sotu.html
0 (27 - 27 comments): OK → 2018/02/asinerum-verbs-asinerum-dongtu-1.html
0 (40 - 40 comments): OK → 2018/02/asinerum-verbs-asinerum-dongtu-2.html
0 (153 - 153 comments): OK → 2018/02/asinerum-verbs-asinerum-dongtu-3.html
0 (459 - 459 comments): OK → 2018/02/asinerum-prepositions-asinerum-gioitu.html
0 (282 - 282 comments): OK → 2018/03/asinerum-conjunctions-asinerum-lientu.html
0 (63 - 63 comments): OK → 2018/05/asinerum-interjections-asinerum-thantu.html
0 (52 - 52 comments): OK → 2018/05/asinerum-prefixes-suffixes-idioms.html
0 (4994 - 4994 comments): OK → 2018/05/bua-quan-thap-nien-ba0-cao.html
0 (95 - 95 comments): OK → 2018/06/giuns-property-tax-thue-taisan-cho-giun.html
0 (4998 - 4998 comments): OK → 2018/06/giuns-property-tax-thue-taisan-cho-giun_20.html
0 (5000 - 5000 comments): OK → 2018/11/cuom-trang-nu-trinh.html
0 (618 - 618 comments): OK → 2019/03/giuns-property-tax-thue-taisan-cho-giun_25.html
0 (921 - 921 comments): OK → 2019/04/online-philanthropism-and-oral-charity.html
0 (145 - 145 comments): OK → 2019/05/eleven-year-salute-11-nien-baocao.html
0 (2687 - 2687 comments): OK → 2019/05/cryptocurrency-spending-tieupha-xeng.html
0 (5000 - 5000 comments): OK → 2019/10/vehicle-exodus-thienzi-thung.html
0 (4759 - 4759 comments): OK → 2020/03/ipfs-interplanetary-file-system.html
0 (5000 - 5000 comments): OK → 2020/05/twelve-year-salute-12-nien-baocao.html
0 (5000 - 5000 comments): OK → 2020/11/bird-stories-chuyen-chim.html
0 (2273 - 2273 comments): OK → 2021/01/bird-stories-chuyen-chim-2.html
0 (5001 - 5001 comments): OK → 2021/05/quan-bua-13-mua-baocao.html
0 (3220 - 3220 comments): OK → 2021/09/quan-bua-8-mua-xengmang.html
0 (548 - 548 comments): OK → 2021/12/quan-bua-noel-chuctung.html
0 (1608 - 1608 comments): OK → 2022/02/national-ev-icon-xedien-quoczan.html
0 (865 - 865 comments): OK → 2022/04/national-ev-icon-xedien-quoczan.html
0 (157 - 157 comments): OK → 2022/05/quan-bua-14-mua-baocao.html
0 (3362 - 3362 comments): OK → 2022/05/excited-ev-hoimung-xedien.html
0 (2766 - 2766 comments): OK → 2022/10/hunger-doi.html
0 (326 - 326 comments): OK → 2023/05/quan-bua-15-mua.html
0 (227 - 227 comments): OK → 2023/06/tsc-transferable-smart-contract-hopdong.html
0 (503 - 503 comments): OK → 2023/06/setting-up-development-environment-for.html
0 (331 - 331 comments): OK → 2023/07/mining-for-buas-tokens-on-mobile-phone.html
0 (338 - 338 comments): OK → 2023/08/face-token-gaming-lode-bang-ken-moi-duoc.html
0 (488 - 488 comments): OK → 2023/09/shitcorp-new-interface-giaozien-quan-moi.html
0 (4444 - 4444 comments): OK → 2023/09/browser-js-console-web3-and-buas-tokens.html
0 (1657 - 1657 comments): OK → 2024/05/16-mua-quan-bua.html
0 (157 - 157 comments): OK → 2024/10/browser-js-console-web3-and-buas-tokens.html
0 (20 - 20 comments): OK → 2024/10/browser-js-console-web3-and-buas-tokens_19.html
0 (99 - 99 comments): OK → 2024/10/browser-js-console-web3-and-buas-tokens_23.html
0 (558 - 558 comments): OK → 2024/10/speaking-american-sua-chu-meo.html
0 (114 - 114 comments): OK → 2024/11/browser-js-console-web3-and-buas-tokens.html
0 (116 - 116 comments): OK → 2024/12/browser-js-console-web3-and-buas-tokens.html
0 (42 - 42 comments): OK → 2024/12/fact-and-lesson-1-fact.html
0 (92 - 92 comments): OK → 2024/12/crypto-full-node-chay-mot-may-con.html
0 (188 - 188 comments): OK → 2024/12/crypto-wallet-paper-vi-giay-xengmang.html
0 (1243 - 1243 comments): OK → 2024/12/browser-js-console-web3-and-buas-tokens_31.html
0 (169 - 169 comments): OK → 2025/05/ask-auntie-master-hoi-zi-buom-buong.html
0 (142 - 142 comments): OK → 2025/05/facts-and-lessons-2.html
0 (99 - 99 comments): OK → 2025/05/triz-40-meo-sangtao-triz-1.html
0 (108 - 108 comments): OK → 2025/05/17-mua-quan-bua.html
0 (198 - 198 comments): OK → 2025/06/weirdly-old-stories-chuyen-rat-xua-1.html
0 (2566 - 2566 comments): OK → 2025/06/triz-40-meo-sangtao-triz-2.html
